#
# There is insufficient memory for the Java Runtime Environment to continue.
# Native memory allocation (mmap) failed to map 268435456 bytes for G1 virtual space
# Possible reasons:
#   The system is out of physical RAM or swap space
#   The process is running with CompressedOops enabled, and the Java Heap may be blocking the growth of the native heap
# Possible solutions:
#   Reduce memory load on the system
#   Increase physical memory or swap space
#   Check if swap backing store is full
#   Decrease Java heap size (-Xmx/-Xms)
#   Decrease number of Java threads
#   Decrease Java thread stack sizes (-Xss)
#   Set larger code cache with -XX:ReservedCodeCacheSize=
#   JVM is running with Zero Based Compressed Oops mode in which the Java heap is
#     placed in the first 32GB address space. The Java Heap base address is the
#     maximum limit for the native heap growth. Please use -XX:HeapBaseMinAddress
#     to set the Java Heap base and to place the Java Heap above 32GB virtual address.
# This output file may be truncated or incomplete.
#
#  Out of Memory Error (os_windows.cpp:3541), pid=23832, tid=11552
#
# JRE version:  (17.0.4.1+9) (build )
# Java VM: OpenJDK 64-Bit Server VM (17.0.4.1+9-LTS, mixed mode, sharing, tiered, compressed oops, compressed class ptrs, g1 gc, windows-amd64)
# No core dump will be written. Minidumps are not enabled by default on client versions of Windows
#

---------------  S U M M A R Y ------------

Command Line: -javaagent:C:\Program Files\JetBrains\IntelliJ IDEA Community Edition 2022.2.2\lib\idea_rt.jar=64175:C:\Program Files\JetBrains\IntelliJ IDEA Community Edition 2022.2.2\bin -Dfile.encoding=UTF-8 com.example.car.CarApplication

Host: AMD Ryzen 5 3600 6-Core Processor              , 12 cores, 15G,  Windows 10 , 64 bit Build 19041 (10.0.19041.3636)
Time: Sat Jun 22 15:01:34 2024 Hora de verano romance elapsed time: 0.515280 seconds (0d 0h 0m 0s)

---------------  T H R E A D  ---------------

Current thread (0x000002205d865c40):  JavaThread "Unknown thread" [_thread_in_vm, id=11552, stack(0x0000002e2f100000,0x0000002e2f200000)]

Stack: [0x0000002e2f100000,0x0000002e2f200000]
Native frames: (J=compiled Java code, j=interpreted, Vv=VM code, C=native code)
V  [jvm.dll+0x64724a]
V  [jvm.dll+0x7f87a4]
V  [jvm.dll+0x7f9f5e]
V  [jvm.dll+0x7fa5b3]
V  [jvm.dll+0x234ed8]
V  [jvm.dll+0x64418a]
V  [jvm.dll+0x638ab2]
V  [jvm.dll+0x2f3109]
V  [jvm.dll+0x2fa2e6]
V  [jvm.dll+0x345eaa]
V  [jvm.dll+0x3460ef]
V  [jvm.dll+0x2c95a8]
V  [jvm.dll+0x2ca539]
V  [jvm.dll+0x7cbdb1]
V  [jvm.dll+0x353391]
V  [jvm.dll+0x7ac18e]
V  [jvm.dll+0x3cec43]
V  [jvm.dll+0x3d0681]
C  [jli.dll+0x51af]
C  [ucrtbase.dll+0x21bb2]
C  [KERNEL32.DLL+0x17344]
C  [ntdll.dll+0x4cc91]


---------------  P R O C E S S  ---------------

Threads class SMR info:
_java_thread_list=0x00007ffbed606718, length=0, elements={
}

Java Threads: ( => current thread )

Other Threads:
  0x000002205d8cf6a0 GCTaskThread "GC Thread#0" [stack: 0x0000002e2f200000,0x0000002e2f300000] [id=25320]
  0x000002205b61dfb0 ConcurrentGCThread "G1 Main Marker" [stack: 0x0000002e2f300000,0x0000002e2f400000] [id=12716]
  0x000002205b61ea60 ConcurrentGCThread "G1 Conc#0" [stack: 0x0000002e2f400000,0x0000002e2f500000] [id=19476]

[error occurred during error reporting (printing all threads), id 0xc0000005, EXCEPTION_ACCESS_VIOLATION (0xc0000005) at pc=0x00007ffbecdfa797]

VM state: not at safepoint (not fully initialized)

VM Mutex/Monitor currently owned by a thread:  ([mutex/lock_event])
[0x000002205d8625a0] Heap_lock - owner thread: 0x000002205d865c40

Heap address: 0x0000000700c00000, size: 4084 MB, Compressed Oops mode: Zero based, Oop shift amount: 3

CDS archive(s) mapped at: [0x0000000000000000-0x0000000000000000-0x0000000000000000), size 0, SharedBaseAddress: 0x0000000800000000, ArchiveRelocationMode: 0.
Narrow klass base: 0x0000000000000000, Narrow klass shift: 0, Narrow klass range: 0x0

GC Precious Log:
<Empty>

Heap:
 garbage-first heap   total 0K, used 0K [0x0000000700c00000, 0x0000000800000000)
  region size 2048K, 0 young (0K), 0 survivors (0K)

[error occurred during error reporting (printing heap information), id 0xc0000005, EXCEPTION_ACCESS_VIOLATION (0xc0000005) at pc=0x00007ffbed1bed69]

GC Heap History (0 events):
No events

Deoptimization events (0 events):
No events

Classes unloaded (0 events):
No events

Classes redefined (0 events):
No events

Internal exceptions (0 events):
No events

VM Operations (0 events):
No events

Events (1 events):
Event: 0.486 Loaded shared library D:\Users\Luisl\.jdks\corretto-17.0.4.1\bin\java.dll


Dynamic libraries:
0x00007ff7f0010000 - 0x00007ff7f001d000 	D:\Users\Luisl\.jdks\corretto-17.0.4.1\bin\java.exe
0x00007ffc49930000 - 0x00007ffc49b28000 	C:\WINDOWS\SYSTEM32\ntdll.dll
0x00007ffc00980000 - 0x00007ffc00999000 	C:\Program Files\Avast Software\Avast\aswhook.dll
0x00007ffc49230000 - 0x00007ffc492ed000 	C:\WINDOWS\System32\KERNEL32.DLL
0x00007ffc47060000 - 0x00007ffc47356000 	C:\WINDOWS\System32\KERNELBASE.dll
0x00007ffc474f0000 - 0x00007ffc475f0000 	C:\WINDOWS\System32\ucrtbase.dll
0x00007ffc2cca0000 - 0x00007ffc2ccb5000 	D:\Users\Luisl\.jdks\corretto-17.0.4.1\bin\VCRUNTIME140.dll
0x00007ffc2cc80000 - 0x00007ffc2cc98000 	D:\Users\Luisl\.jdks\corretto-17.0.4.1\bin\jli.dll
0x00007ffc47de0000 - 0x00007ffc47f7f000 	C:\WINDOWS\System32\USER32.dll
0x00007ffc36bf0000 - 0x00007ffc36e8a000 	C:\WINDOWS\WinSxS\amd64_microsoft.windows.common-controls_6595b64144ccf1df_6.0.19041.4355_none_60b8b9eb71f62e16\COMCTL32.dll
0x00007ffc47430000 - 0x00007ffc47452000 	C:\WINDOWS\System32\win32u.dll
0x00007ffc48b60000 - 0x00007ffc48bfe000 	C:\WINDOWS\System32\msvcrt.dll
0x00007ffc496a0000 - 0x00007ffc496cb000 	C:\WINDOWS\System32\GDI32.dll
0x00007ffc47850000 - 0x00007ffc47967000 	C:\WINDOWS\System32\gdi32full.dll
0x00007ffc47390000 - 0x00007ffc4742d000 	C:\WINDOWS\System32\msvcp_win.dll
0x00007ffc495f0000 - 0x00007ffc4961f000 	C:\WINDOWS\System32\IMM32.DLL
0x00007ffc010a0000 - 0x00007ffc0113b000 	D:\Users\Luisl\.jdks\corretto-17.0.4.1\bin\msvcp140.dll
0x00007ffbecb20000 - 0x00007ffbed734000 	D:\Users\Luisl\.jdks\corretto-17.0.4.1\bin\server\jvm.dll
0x00007ffc49180000 - 0x00007ffc49230000 	C:\WINDOWS\System32\ADVAPI32.dll
0x00007ffc492f0000 - 0x00007ffc49390000 	C:\WINDOWS\System32\sechost.dll
0x00007ffc48c00000 - 0x00007ffc48d23000 	C:\WINDOWS\System32\RPCRT4.dll
0x00007ffc47360000 - 0x00007ffc47387000 	C:\WINDOWS\System32\bcrypt.dll
0x00007ffc49690000 - 0x00007ffc49698000 	C:\WINDOWS\System32\PSAPI.DLL
0x00007ffc34d10000 - 0x00007ffc34d19000 	C:\WINDOWS\SYSTEM32\WSOCK32.dll
0x00007ffc3f780000 - 0x00007ffc3f78a000 	C:\WINDOWS\SYSTEM32\VERSION.dll
0x00007ffc3a4d0000 - 0x00007ffc3a4f7000 	C:\WINDOWS\SYSTEM32\WINMM.dll
0x00007ffc49620000 - 0x00007ffc4968b000 	C:\WINDOWS\System32\WS2_32.dll
0x00007ffc44e50000 - 0x00007ffc44e62000 	C:\WINDOWS\SYSTEM32\kernel.appcore.dll
0x00007ffc2cc70000 - 0x00007ffc2cc7a000 	D:\Users\Luisl\.jdks\corretto-17.0.4.1\bin\jimage.dll
0x00007ffc3d7d0000 - 0x00007ffc3d9b4000 	C:\WINDOWS\SYSTEM32\DBGHELP.DLL
0x00007ffc3d790000 - 0x00007ffc3d7c4000 	C:\WINDOWS\SYSTEM32\dbgcore.DLL
0x00007ffc47460000 - 0x00007ffc474e2000 	C:\WINDOWS\System32\bcryptPrimitives.dll
0x00007ffc0b310000 - 0x00007ffc0b31e000 	D:\Users\Luisl\.jdks\corretto-17.0.4.1\bin\instrument.dll
0x00007ffc2a9b0000 - 0x00007ffc2a9d5000 	D:\Users\Luisl\.jdks\corretto-17.0.4.1\bin\java.dll

dbghelp: loaded successfully - version: 4.0.5 - missing functions: none
symbol engine: initialized successfully - sym options: 0x614 - pdb path: .;D:\Users\Luisl\.jdks\corretto-17.0.4.1\bin;C:\WINDOWS\SYSTEM32;C:\Program Files\Avast Software\Avast;C:\WINDOWS\WinSxS\amd64_microsoft.windows.common-controls_6595b64144ccf1df_6.0.19041.4355_none_60b8b9eb71f62e16;D:\Users\Luisl\.jdks\corretto-17.0.4.1\bin\server

VM Arguments:
jvm_args: -javaagent:C:\Program Files\JetBrains\IntelliJ IDEA Community Edition 2022.2.2\lib\idea_rt.jar=64175:C:\Program Files\JetBrains\IntelliJ IDEA Community Edition 2022.2.2\bin -Dfile.encoding=UTF-8 
java_command: com.example.car.CarApplication
java_class_path (initial): D:\Users\Luisl\Documents\car\car\target\classes;D:\Users\Luisl\.m2\repository\org\springframework\boot\spring-boot-starter-data-jpa\3.3.1\spring-boot-starter-data-jpa-3.3.1.jar;D:\Users\Luisl\.m2\repository\org\springframework\boot\spring-boot-starter-aop\3.3.1\spring-boot-starter-aop-3.3.1.jar;D:\Users\Luisl\.m2\repository\org\springframework\spring-aop\6.1.10\spring-aop-6.1.10.jar;D:\Users\Luisl\.m2\repository\org\aspectj\aspectjweaver\1.9.22\aspectjweaver-1.9.22.jar;D:\Users\Luisl\.m2\repository\org\springframework\boot\spring-boot-starter-jdbc\3.3.1\spring-boot-starter-jdbc-3.3.1.jar;D:\Users\Luisl\.m2\repository\com\zaxxer\HikariCP\5.1.0\HikariCP-5.1.0.jar;D:\Users\Luisl\.m2\repository\org\springframework\spring-jdbc\6.1.10\spring-jdbc-6.1.10.jar;D:\Users\Luisl\.m2\repository\org\hibernate\orm\hibernate-core\6.5.2.Final\hibernate-core-6.5.2.Final.jar;D:\Users\Luisl\.m2\repository\jakarta\persistence\jakarta.persistence-api\3.1.0\jakarta.persistence-api-3.1.0.jar;D:\Users\Luisl\.m2\repository\jakarta\transaction\jakarta.transaction-api\2.0.1\jakarta.transaction-api-2.0.1.jar;D:\Users\Luisl\.m2\repository\org\jboss\logging\jboss-logging\3.5.3.Final\jboss-logging-3.5.3.Final.jar;D:\Users\Luisl\.m2\repository\org\hibernate\common\hibernate-commons-annotations\6.0.6.Final\hibernate-commons-annotations-6.0.6.Final.jar;D:\Users\Luisl\.m2\repository\io\smallrye\jandex\3.1.2\jandex-3.1.2.jar;D:\Users\Luisl\.m2\repository\com\fasterxml\classmate\1.7.0\classmate-1.7.0.jar;D:\Users\Luisl\.m2\repository\net\bytebuddy\byte-buddy\1.14.17\byte-buddy-1.14.17.jar;D:\Users\Luisl\.m2\repository\org\glassfish\jaxb\jaxb-runtime\4.0.5\jaxb-runtime-4.0.5.jar;D:\Users\Luisl\.m2\repository\org\glassfish\jaxb\jaxb-core\4.0.5\jaxb-core-4.0.5.jar;D:\Users\Luisl\.m2\repository\org\eclipse\angus\angus-activation\2.0.2\angus-activation-2.0.2.jar;D:\Users\Luisl\.m2\repository\org\glassfish\jaxb\txw2\4.0.5\txw2-4.0.5.jar;D:\Users\Luisl\.m2\repository\com\sun\istack\
Launcher Type: SUN_STANDARD

[Global flags]
     intx CICompilerCount                          = 4                                         {product} {ergonomic}
     uint ConcGCThreads                            = 3                                         {product} {ergonomic}
     uint G1ConcRefinementThreads                  = 10                                        {product} {ergonomic}
   size_t G1HeapRegionSize                         = 2097152                                   {product} {ergonomic}
    uintx GCDrainStackTargetSize                   = 64                                        {product} {ergonomic}
   size_t InitialHeapSize                          = 268435456                                 {product} {ergonomic}
   size_t MarkStackSize                            = 4194304                                   {product} {ergonomic}
   size_t MaxHeapSize                              = 4282384384                                {product} {ergonomic}
   size_t MinHeapDeltaBytes                        = 2097152                                   {product} {ergonomic}
   size_t MinHeapSize                              = 8388608                                   {product} {ergonomic}
    uintx NonNMethodCodeHeapSize                   = 5839372                                {pd product} {ergonomic}
    uintx NonProfiledCodeHeapSize                  = 122909434                              {pd product} {ergonomic}
    uintx ProfiledCodeHeapSize                     = 122909434                              {pd product} {ergonomic}
    uintx ReservedCodeCacheSize                    = 251658240                              {pd product} {ergonomic}
     bool SegmentedCodeCache                       = true                                      {product} {ergonomic}
   size_t SoftMaxHeapSize                          = 4282384384                             {manageable} {ergonomic}
     bool UseCompressedClassPointers               = true                           {product lp64_product} {ergonomic}
     bool UseCompressedOops                        = true                           {product lp64_product} {ergonomic}
     bool UseG1GC                                  = true                                      {product} {ergonomic}
     bool UseLargePagesIndividualAllocation        = false                                  {pd product} {ergonomic}

Logging:
Log output configuration:
 #0: stdout all=warning uptime,level,tags
 #1: stderr all=off uptime,level,tags

Environment Variables:
JAVA_HOME=C:\Program Files\Java\jdk1.8.0_162
PATH=C:\Program Files\Common Files\Oracle\Java\javapath;D:\Users\Luisl\Downloads\oracle\bin;C:\Program Files\Eclipse Adoptium\jdk-11.0.16.101-hotspot\bin;C:\Program Files\Microsoft\jdk-11.0.12.7-hotspot\bin;C:\ProgramData\Oracle\Java\javapath;C:\WINDOWS\system32;C:\WINDOWS;C:\WINDOWS\System32\Wbem;C:\WINDOWS\System32\WindowsPowerShell\v1.0\;C:\WINDOWS\System32\OpenSSH\;C:\Program Files (x86)\Calibre2\;C:\Users\Public\php;C:\Program Files\Microsoft SQL Server\Client SDK\ODBC\170\Tools\Binn\;C:\Program Files (x86)\Microsoft SQL Server\150\Tools\Binn\;C:\Program Files\Microsoft SQL Server\150\Tools\Binn\;C:\Program Files\Microsoft SQL Server\150\DTS\Binn\;C:\Program Files (x86)\Microsoft SQL Server\150\DTS\Binn\;C:\Program Files\Azure Data Studio\bin;C:\Program Files\Git\cmd;C:\Program Files\dotnet\;C:\Program Files\AutoFirma\AutoFirma;C:\Program Files (x86)\AutoFirmaJA\AutoFirmaJA;C:\Program Files\Java\jdk1.8.0_162\bin;;C:\Program Files\Docker\Docker\resources\bin;C:\Program Files\MySQL\MySQL Shell 8.0\bin\;D:\Users\Luisl\AppData\Local\Microsoft\WindowsApps;;C:\Program Files\Azure Data Studio\bin;D:\Users\Luisl\.dotnet\tools;D:\Users\Luisl\AppData\Local\JetBrains\Toolbox\scripts;D:\Users\Luisl\AppData\Local\Programs\Microsoft VS Code\bin;C:\Program Files\JetBrains\IntelliJ IDEA Community Edition 2022.2.2\bin;
USERNAME=Luisl
OS=Windows_NT
PROCESSOR_IDENTIFIER=AMD64 Family 23 Model 113 Stepping 0, AuthenticAMD
TMP=D:\Users\Luisl\AppData\Local\Temp
TEMP=D:\Users\Luisl\AppData\Local\Temp



---------------  S Y S T E M  ---------------

OS:
 Windows 10 , 64 bit Build 19041 (10.0.19041.3636)
OS uptime: 0 days 17:52 hours
Hyper-V role detected

CPU: total 12 (initial active 12) (12 cores per cpu, 2 threads per core) family 23 model 113 stepping 0 microcode 0x0, cx8, cmov, fxsr, ht, mmx, 3dnowpref, sse, sse2, sse3, ssse3, sse4a, sse4.1, sse4.2, popcnt, lzcnt, tsc, tscinvbit, avx, avx2, aes, clmul, bmi1, bmi2, adx, sha, fma, vzeroupper, clflush, clflushopt, hv

Memory: 4k page, system-wide physical 16332M (2491M free)
TotalPageFile size 20137M (AvailPageFile size 164M)
current process WorkingSet (physical memory assigned to process): 10M, peak: 10M
current process commit charge ("private bytes"): 64M, peak: 320M

vm_info: OpenJDK 64-Bit Server VM (17.0.4.1+9-LTS) for windows-amd64 JRE (17.0.4.1+9-LTS), built on Aug 12 2022 17:33:36 by "Administrator" with MS VC++ 15.9 (VS2017)

END.
